<?xml version="1.0" encoding="UTF-8"?>
<!-- Generated by org.testng.reporters.JUnitReportReporter -->
<testsuite skipped="0" hostname="arkas-MacBook-Pro.local" name="com.GetMethodAssignment.qa.TestCases.HttpGetMethodClassTestCase" tests="1" failures="0" timestamp="31 May 2018 13:52:41 GMT" time="1.816" errors="0">
  <testcase name="HttpGetMethodCallTest" time="1.816" classname="com.GetMethodAssignment.qa.TestCases.HttpGetMethodClassTestCase"/>
</testsuite> <!-- com.GetMethodAssignment.qa.TestCases.HttpGetMethodClassTestCase -->
